<?xml version="1.0" encoding="UTF-8"?>
<!-- Generated by org.testng.reporters.JUnitXMLReporter -->
<testsuite hostname="TP6VDIDEVTCM222" ignored="0" name="SmokeTestCase2" tests="15" failures="1" timestamp="07 Jun 2019 10:58:47 GMT" time="37.519" errors="0">
  <testcase name="clickCollectionlink" time="3.789" classname="com.vcstax.testCases.TC_Smoke_ActivityTab_02"/>
  <testcase name="clickAssessorChangeOrderslink" time="1.28" classname="com.vcstax.testCases.TC_Smoke_ActivityTab_02"/>
  <testcase name="clickcalculateRevenueDisbursementlink" time="1.264" classname="com.vcstax.testCases.TC_Smoke_ActivityTab_02"/>
  <testcase name="clickMailProcessinglink" time="1.274" classname="com.vcstax.testCases.TC_Smoke_ActivityTab_02">
    <failure type="java.lang.AssertionError" message="Mail Processing - menu name is not matched. expected [Mail Process] but found [Mail Processing]">
      <![CDATA[java.lang.AssertionError: Mail Processing - menu name is not matched. expected [Mail Process] but found [Mail Processing]
at org.testng.Assert.fail(Assert.java:96)
at org.testng.Assert.failNotEquals(Assert.java:776)
at org.testng.Assert.assertEqualsImpl(Assert.java:137)
at org.testng.Assert.assertEquals(Assert.java:118)
at org.testng.Assert.assertEquals(Assert.java:453)
at com.vcstax.pageObjects.ActivityTab.clickMailProcessinglink(ActivityTab.java:116)
at com.vcstax.testCases.TC_Smoke_ActivityTab_02.clickMailProcessinglink(TC_Smoke_ActivityTab_02.java:44)
at sun.reflect.NativeMethodAccessorImpl.invoke0(Native Method)
at sun.reflect.NativeMethodAccessorImpl.invoke(Unknown Source)
at sun.reflect.DelegatingMethodAccessorImpl.invoke(Unknown Source)
at java.lang.reflect.Method.invoke(Unknown Source)
at org.testng.internal.MethodInvocationHelper.invokeMethod(MethodInvocationHelper.java:124)
at org.testng.internal.Invoker.invokeMethod(Invoker.java:583)
at org.testng.internal.Invoker.invokeTestMethod(Invoker.java:719)
at org.testng.internal.Invoker.invokeTestMethods(Invoker.java:989)
at org.testng.internal.TestMethodWorker.invokeTestMethods(TestMethodWorker.java:125)
at org.testng.internal.TestMethodWorker.run(TestMethodWorker.java:109)
at org.testng.TestRunner.privateRun(TestRunner.java:648)
at org.testng.TestRunner.run(TestRunner.java:505)
at org.testng.SuiteRunner.runTest(SuiteRunner.java:455)
at org.testng.SuiteRunner.runSequentially(SuiteRunner.java:450)
at org.testng.SuiteRunner.privateRun(SuiteRunner.java:415)
at org.testng.SuiteRunner.run(SuiteRunner.java:364)
at org.testng.SuiteRunnerWorker.runSuite(SuiteRunnerWorker.java:52)
at org.testng.SuiteRunnerWorker.run(SuiteRunnerWorker.java:84)
at org.testng.TestNG.runSuitesSequentially(TestNG.java:1208)
at org.testng.TestNG.runSuitesLocally(TestNG.java:1137)
at org.testng.TestNG.runSuites(TestNG.java:1049)
at org.testng.TestNG.run(TestNG.java:1017)
at org.testng.remote.AbstractRemoteTestNG.run(AbstractRemoteTestNG.java:115)
at org.testng.remote.RemoteTestNG.initAndRun(RemoteTestNG.java:251)
at org.testng.remote.RemoteTestNG.main(RemoteTestNG.java:77)
]]>
    </failure>
  </testcase> <!-- clickMailProcessinglink -->
  <testcase name="clickRegisterReconciliationlink" time="1.267" classname="com.vcstax.testCases.TC_Smoke_ActivityTab_02"/>
  <testcase name="clickApplyLateFeelink" time="1.242" classname="com.vcstax.testCases.TC_Smoke_ActivityTab_02"/>
  <testcase name="clickbankruptcyCaseslink" time="1.258" classname="com.vcstax.testCases.TC_Smoke_ActivityTab_02"/>
  <testcase name="clickdelinquentProcessinglink" time="1.232" classname="com.vcstax.testCases.TC_Smoke_ActivityTab_02"/>
  <testcase name="clickquarterlyBillinglink" time="1.252" classname="com.vcstax.testCases.TC_Smoke_ActivityTab_02"/>
  <testcase name="clickmobileHomeDigestlink" time="1.266" classname="com.vcstax.testCases.TC_Smoke_ActivityTab_02"/>
  <testcase name="clickmortgageTaxBillExportlink" time="1.753" classname="com.vcstax.testCases.TC_Smoke_ActivityTab_02"/>
  <testcase name="clickmortgageRequestProcessinglink" time="1.377" classname="com.vcstax.testCases.TC_Smoke_ActivityTab_02"/>
  <testcase name="clickrealDigestlink" time="1.272" classname="com.vcstax.testCases.TC_Smoke_ActivityTab_02"/>
  <testcase name="clickmortgagePaymentProcessinglink" time="2.782" classname="com.vcstax.testCases.TC_Smoke_ActivityTab_02"/>
  <testcase name="clickmortgageManualProcessinglink" time="1.408" classname="com.vcstax.testCases.TC_Smoke_ActivityTab_02"/>
</testsuite> <!-- SmokeTestCase2 -->
